c:\myeverything\utsa_study\3. fall_2015\cs_5513_comp architecture\hw_assignment\computerarchitecturemachineproblem\release\vc120.pdb
c:\myeverything\utsa_study\3. fall_2015\cs_5513_comp architecture\hw_assignment\computerarchitecturemachineproblem\release\stage.obj
c:\myeverything\utsa_study\3. fall_2015\cs_5513_comp architecture\hw_assignment\computerarchitecturemachineproblem\release\pipeline.obj
c:\myeverything\utsa_study\3. fall_2015\cs_5513_comp architecture\hw_assignment\computerarchitecturemachineproblem\release\instruction.obj
c:\myeverything\utsa_study\3. fall_2015\cs_5513_comp architecture\hw_assignment\computerarchitecturemachineproblem\release\5. writeback.obj
c:\myeverything\utsa_study\3. fall_2015\cs_5513_comp architecture\hw_assignment\computerarchitecturemachineproblem\release\4. memaccess.obj
c:\myeverything\utsa_study\3. fall_2015\cs_5513_comp architecture\hw_assignment\computerarchitecturemachineproblem\release\3. execute.obj
c:\myeverything\utsa_study\3. fall_2015\cs_5513_comp architecture\hw_assignment\computerarchitecturemachineproblem\release\2. decode.obj
c:\myeverything\utsa_study\3. fall_2015\cs_5513_comp architecture\hw_assignment\computerarchitecturemachineproblem\release\1. fetch.obj
c:\myeverything\utsa_study\3. fall_2015\cs_5513_comp architecture\hw_assignment\computerarchitecturemachineproblem\release\computerarchitecturemachineproblem.exe
c:\myeverything\utsa_study\3. fall_2015\cs_5513_comp architecture\hw_assignment\computerarchitecturemachineproblem\release\computerarchitecturemachineproblem.pdb
c:\myeverything\utsa_study\3. fall_2015\cs_5513_comp architecture\hw_assignment\computerarchitecturemachineproblem\release\computerarchitecturemachineproblem.res
c:\myeverything\utsa_study\3. fall_2015\cs_5513_comp architecture\hw_assignment\computerarchitecturemachineproblem\release\computer.04b3886a.tlog\cl.command.1.tlog
c:\myeverything\utsa_study\3. fall_2015\cs_5513_comp architecture\hw_assignment\computerarchitecturemachineproblem\release\computer.04b3886a.tlog\cl.read.1.tlog
c:\myeverything\utsa_study\3. fall_2015\cs_5513_comp architecture\hw_assignment\computerarchitecturemachineproblem\release\computer.04b3886a.tlog\cl.write.1.tlog
c:\myeverything\utsa_study\3. fall_2015\cs_5513_comp architecture\hw_assignment\computerarchitecturemachineproblem\release\computer.04b3886a.tlog\link.command.1.tlog
c:\myeverything\utsa_study\3. fall_2015\cs_5513_comp architecture\hw_assignment\computerarchitecturemachineproblem\release\computer.04b3886a.tlog\link.read.1.tlog
c:\myeverything\utsa_study\3. fall_2015\cs_5513_comp architecture\hw_assignment\computerarchitecturemachineproblem\release\computer.04b3886a.tlog\link.write.1.tlog
c:\myeverything\utsa_study\3. fall_2015\cs_5513_comp architecture\hw_assignment\computerarchitecturemachineproblem\release\computer.04b3886a.tlog\rc.command.1.tlog
c:\myeverything\utsa_study\3. fall_2015\cs_5513_comp architecture\hw_assignment\computerarchitecturemachineproblem\release\computer.04b3886a.tlog\rc.read.1.tlog
c:\myeverything\utsa_study\3. fall_2015\cs_5513_comp architecture\hw_assignment\computerarchitecturemachineproblem\release\computer.04b3886a.tlog\rc.write.1.tlog
